[debug] [2026-04-29T01:08:03.946Z] ----------------------------------------------------------------------
[debug] [2026-04-29T01:08:03.949Z] Command:       C:\Program Files\nodejs\node.exe C:\Users\bamas\AppData\Roaming\npm\node_modules\firebase-tools\lib\bin\firebase.js deploy --only hosting,functions
[debug] [2026-04-29T01:08:03.949Z] CLI Version:   15.9.1
[debug] [2026-04-29T01:08:03.949Z] Platform:      win32
[debug] [2026-04-29T01:08:03.949Z] Node Version:  v24.14.0
[debug] [2026-04-29T01:08:03.949Z] Time:          Tue Apr 28 2026 22:08:03 GMT-0300 (Horário Padrão de Brasília)
[debug] [2026-04-29T01:08:03.949Z] ----------------------------------------------------------------------
[debug] 
[debug] [2026-04-29T01:08:05.558Z] > command requires scopes: ["email","openid","https://www.googleapis.com/auth/cloudplatformprojects.readonly","https://www.googleapis.com/auth/firebase","https://www.googleapis.com/auth/cloud-platform"]
[debug] [2026-04-29T01:08:05.558Z] > authorizing via signed-in user (bam.assessoria@gmail.com)
[debug] [2026-04-29T01:08:05.558Z] [iam] checking project bam-financeiro for permissions ["cloudfunctions.functions.create","cloudfunctions.functions.delete","cloudfunctions.functions.get","cloudfunctions.functions.list","cloudfunctions.functions.update","cloudfunctions.operations.get","firebase.projects.get","firebasehosting.sites.update"]
[debug] [2026-04-29T01:08:05.559Z] Checked if tokens are valid: false, expires at: 1777424402354
[debug] [2026-04-29T01:08:05.559Z] Checked if tokens are valid: false, expires at: 1777424402354
[debug] [2026-04-29T01:08:05.559Z] > refreshing access token with scopes: []
[debug] [2026-04-29T01:08:05.561Z] >>> [apiv2][query] POST https://www.googleapis.com/oauth2/v3/token [none]
[debug] [2026-04-29T01:08:05.561Z] >>> [apiv2][body] POST https://www.googleapis.com/oauth2/v3/token [omitted]
[debug] [2026-04-29T01:08:05.748Z] <<< [apiv2][status] POST https://www.googleapis.com/oauth2/v3/token 200
[debug] [2026-04-29T01:08:05.749Z] <<< [apiv2][body] POST https://www.googleapis.com/oauth2/v3/token [omitted]
[debug] [2026-04-29T01:08:05.754Z] >>> [apiv2][query] POST https://cloudresourcemanager.googleapis.com/v1/projects/bam-financeiro:testIamPermissions [none]
[debug] [2026-04-29T01:08:05.754Z] >>> [apiv2][(partial)header] POST https://cloudresourcemanager.googleapis.com/v1/projects/bam-financeiro:testIamPermissions  x-goog-user-project=bam-financeiro
[debug] [2026-04-29T01:08:05.754Z] >>> [apiv2][body] POST https://cloudresourcemanager.googleapis.com/v1/projects/bam-financeiro:testIamPermissions {"permissions":["cloudfunctions.functions.create","cloudfunctions.functions.delete","cloudfunctions.functions.get","cloudfunctions.functions.list","cloudfunctions.functions.update","cloudfunctions.operations.get","firebase.projects.get","firebasehosting.sites.update"]}
[debug] [2026-04-29T01:08:06.632Z] <<< [apiv2][status] POST https://cloudresourcemanager.googleapis.com/v1/projects/bam-financeiro:testIamPermissions 200
[debug] [2026-04-29T01:08:06.632Z] <<< [apiv2][body] POST https://cloudresourcemanager.googleapis.com/v1/projects/bam-financeiro:testIamPermissions {"permissions":["cloudfunctions.functions.create","cloudfunctions.functions.delete","cloudfunctions.functions.get","cloudfunctions.functions.list","cloudfunctions.functions.update","cloudfunctions.operations.get","firebase.projects.get","firebasehosting.sites.update"]}
[debug] [2026-04-29T01:08:06.633Z] Checked if tokens are valid: true, expires at: 1777428484749
[debug] [2026-04-29T01:08:06.633Z] Checked if tokens are valid: true, expires at: 1777428484749
[debug] [2026-04-29T01:08:06.633Z] >>> [apiv2][query] POST https://iam.googleapis.com/v1/projects/bam-financeiro/serviceAccounts/bam-financeiro@appspot.gserviceaccount.com:testIamPermissions [none]
[debug] [2026-04-29T01:08:06.633Z] >>> [apiv2][body] POST https://iam.googleapis.com/v1/projects/bam-financeiro/serviceAccounts/bam-financeiro@appspot.gserviceaccount.com:testIamPermissions {"permissions":["iam.serviceAccounts.actAs"]}
[debug] [2026-04-29T01:08:07.582Z] <<< [apiv2][status] POST https://iam.googleapis.com/v1/projects/bam-financeiro/serviceAccounts/bam-financeiro@appspot.gserviceaccount.com:testIamPermissions 200
[debug] [2026-04-29T01:08:07.582Z] <<< [apiv2][body] POST https://iam.googleapis.com/v1/projects/bam-financeiro/serviceAccounts/bam-financeiro@appspot.gserviceaccount.com:testIamPermissions {"permissions":["iam.serviceAccounts.actAs"]}
[debug] [2026-04-29T01:08:07.584Z] Checked if tokens are valid: true, expires at: 1777428484749
[debug] [2026-04-29T01:08:07.584Z] Checked if tokens are valid: true, expires at: 1777428484749
[debug] [2026-04-29T01:08:07.585Z] >>> [apiv2][query] GET https://firebase.googleapis.com/v1beta1/projects/bam-financeiro [none]
[debug] [2026-04-29T01:08:08.006Z] <<< [apiv2][status] GET https://firebase.googleapis.com/v1beta1/projects/bam-financeiro 200
[debug] [2026-04-29T01:08:08.006Z] <<< [apiv2][body] GET https://firebase.googleapis.com/v1beta1/projects/bam-financeiro {"projectId":"bam-financeiro","projectNumber":"246326012786","displayName":"BAM Financeiro","name":"projects/bam-financeiro","resources":{"hostingSite":"bam-financeiro"},"state":"ACTIVE","etag":"1_373f0672-a728-424c-adda-c77f1fb1be22"}
[info] 
[info] === Deploying to 'bam-financeiro'...
[info] 
[info] i  deploying functions, hosting 
[info] Running command: npm --prefix functions run build
[info] +  functions: Finished running predeploy script. 
[debug] [2026-04-29T01:08:11.860Z] Checked if tokens are valid: true, expires at: 1777428484749
[debug] [2026-04-29T01:08:11.860Z] Checked if tokens are valid: true, expires at: 1777428484749
[debug] [2026-04-29T01:08:11.860Z] >>> [apiv2][query] GET https://cloudresourcemanager.googleapis.com/v1/projects/bam-financeiro [none]
[debug] [2026-04-29T01:08:12.697Z] <<< [apiv2][status] GET https://cloudresourcemanager.googleapis.com/v1/projects/bam-financeiro 200
[debug] [2026-04-29T01:08:12.697Z] <<< [apiv2][body] GET https://cloudresourcemanager.googleapis.com/v1/projects/bam-financeiro {"projectNumber":"246326012786","projectId":"bam-financeiro","lifecycleState":"ACTIVE","name":"BAM Financeiro","labels":{"firebase":"enabled","firebase-core":"disabled"},"createTime":"2026-04-08T20:40:55.016Z"}
[info] i  functions: preparing codebase default for deployment 
[info] i  functions: ensuring required API cloudfunctions.googleapis.com is enabled... 
[info] i  functions: ensuring required API cloudbuild.googleapis.com is enabled... 
[info] i  artifactregistry: ensuring required API artifactregistry.googleapis.com is enabled... 
[debug] [2026-04-29T01:08:12.699Z] Checked if tokens are valid: true, expires at: 1777428484749
[debug] [2026-04-29T01:08:12.699Z] Checked if tokens are valid: true, expires at: 1777428484749
[debug] [2026-04-29T01:08:12.700Z] >>> [apiv2][query] GET https://firebase.googleapis.com/v1beta1/projects/bam-financeiro/adminSdkConfig [none]
[debug] [2026-04-29T01:08:13.132Z] <<< [apiv2][status] GET https://firebase.googleapis.com/v1beta1/projects/bam-financeiro/adminSdkConfig 200
[debug] [2026-04-29T01:08:13.132Z] <<< [apiv2][body] GET https://firebase.googleapis.com/v1beta1/projects/bam-financeiro/adminSdkConfig {"projectId":"bam-financeiro","storageBucket":"bam-financeiro.firebasestorage.app"}
[debug] [2026-04-29T01:08:13.132Z] Checked if tokens are valid: true, expires at: 1777428484749
[debug] [2026-04-29T01:08:13.132Z] Checked if tokens are valid: true, expires at: 1777428484749
[debug] [2026-04-29T01:08:13.132Z] >>> [apiv2][query] GET https://runtimeconfig.googleapis.com/v1beta1/projects/bam-financeiro/configs [none]
[debug] [2026-04-29T01:08:13.537Z] <<< [apiv2][status] GET https://runtimeconfig.googleapis.com/v1beta1/projects/bam-financeiro/configs 200
[debug] [2026-04-29T01:08:13.537Z] <<< [apiv2][body] GET https://runtimeconfig.googleapis.com/v1beta1/projects/bam-financeiro/configs {}
[debug] [2026-04-29T01:08:13.539Z] Validating nodejs source
[warn] !  functions: Runtime Node.js 20 will be deprecated on 2026-04-30 and will be decommissioned on 2026-10-30, after which you will not be able to deploy without upgrading. Consider upgrading now to avoid disruption. See https://cloud.google.com/functions/docs/runtime-support for full details on the lifecycle policy 
[warn] !  functions: package.json indicates an outdated version of firebase-functions. Please upgrade using npm install --save firebase-functions@latest in your functions directory. 
[warn] !  functions: Please note that there will be breaking changes when you upgrade. 
[debug] [2026-04-29T01:08:14.443Z] > [functions] package.json contents: {
  "name": "functions",
  "scripts": {
    "lint": "eslint --ext .js,.ts .",
    "build": "tsc",
    "build:watch": "tsc --watch",
    "serve": "npm run build && firebase emulators:start --only functions",
    "shell": "npm run build && firebase functions:shell",
    "start": "npm run shell",
    "deploy": "firebase deploy --only functions",
    "logs": "firebase functions:log"
  },
  "engines": {
    "node": "20"
  },
  "main": "lib/index.js",
  "dependencies": {
    "cookie-parser": "^1.4.7",
    "cors": "^2.8.5",
    "express": "^4.21.2",
    "firebase-admin": "^12.7.0",
    "firebase-functions": "^6.3.2",
    "uuid": "^11.0.5"
  },
  "devDependencies": {
    "@types/cookie-parser": "^1.4.8",
    "@types/cors": "^2.8.17",
    "@types/express": "^5.0.0",
    "@types/node": "^22.0.0",
    "@types/uuid": "^10.0.0",
    "typescript": "^5.7.3"
  },
  "private": true
}
[debug] [2026-04-29T01:08:14.443Z] Building nodejs source
[info] i  functions: Loading and analyzing source code for codebase default to determine what to deploy 
[debug] [2026-04-29T01:08:14.444Z] Could not find functions.yaml. Must use http discovery
[debug] [2026-04-29T01:08:14.453Z] Found firebase-functions binary at 'C:\Users\bamas\Desktop\bam-financeiro\functions\node_modules\.bin\firebase-functions'
[info] Serving at port 8655

[debug] [2026-04-29T01:08:14.910Z] Got response from /__/functions.yaml {"endpoints":{"api":{"availableMemoryMb":null,"timeoutSeconds":null,"minInstances":null,"maxInstances":null,"ingressSettings":null,"concurrency":null,"serviceAccountEmail":null,"vpc":null,"platform":"gcfv2","region":["us-central1"],"labels":{},"httpsTrigger":{"invoker":["public"]},"entryPoint":"api"}},"specVersion":"v1alpha1","requiredAPIs":[],"extensions":{}}
[info] i  extensions: ensuring required API firebaseextensions.googleapis.com is enabled... 
[debug] [2026-04-29T01:08:18.939Z] > command requires scopes: ["email","openid","https://www.googleapis.com/auth/cloudplatformprojects.readonly","https://www.googleapis.com/auth/firebase","https://www.googleapis.com/auth/cloud-platform"]
[debug] [2026-04-29T01:08:18.939Z] > authorizing via signed-in user (bam.assessoria@gmail.com)
[debug] [2026-04-29T01:08:18.939Z] [iam] checking project bam-financeiro for permissions ["firebase.projects.get","firebaseextensions.instances.list"]
[debug] [2026-04-29T01:08:18.939Z] Checked if tokens are valid: true, expires at: 1777428484749
[debug] [2026-04-29T01:08:18.939Z] Checked if tokens are valid: true, expires at: 1777428484749
[debug] [2026-04-29T01:08:18.939Z] >>> [apiv2][query] POST https://cloudresourcemanager.googleapis.com/v1/projects/bam-financeiro:testIamPermissions [none]
[debug] [2026-04-29T01:08:18.939Z] >>> [apiv2][(partial)header] POST https://cloudresourcemanager.googleapis.com/v1/projects/bam-financeiro:testIamPermissions  x-goog-user-project=bam-financeiro
[debug] [2026-04-29T01:08:18.939Z] >>> [apiv2][body] POST https://cloudresourcemanager.googleapis.com/v1/projects/bam-financeiro:testIamPermissions {"permissions":["firebase.projects.get","firebaseextensions.instances.list"]}
[debug] [2026-04-29T01:08:19.764Z] <<< [apiv2][status] POST https://cloudresourcemanager.googleapis.com/v1/projects/bam-financeiro:testIamPermissions 200
[debug] [2026-04-29T01:08:19.764Z] <<< [apiv2][body] POST https://cloudresourcemanager.googleapis.com/v1/projects/bam-financeiro:testIamPermissions {"permissions":["firebase.projects.get","firebaseextensions.instances.list"]}
[debug] [2026-04-29T01:08:19.766Z] Checked if tokens are valid: true, expires at: 1777428484749
[debug] [2026-04-29T01:08:19.766Z] Checked if tokens are valid: true, expires at: 1777428484749
[debug] [2026-04-29T01:08:19.766Z] >>> [apiv2][query] GET https://firebaseextensions.googleapis.com/v1beta/projects/bam-financeiro/instances pageSize=100&pageToken=
[debug] [2026-04-29T01:08:20.905Z] <<< [apiv2][status] GET https://firebaseextensions.googleapis.com/v1beta/projects/bam-financeiro/instances 200
[debug] [2026-04-29T01:08:20.905Z] <<< [apiv2][body] GET https://firebaseextensions.googleapis.com/v1beta/projects/bam-financeiro/instances {}
[info] i  functions: preparing functions directory for uploading... 
[info] i  functions: packaged C:\Users\bamas\Desktop\bam-financeiro\functions (152.46 KB) for uploading 
[debug] [2026-04-29T01:08:21.020Z] Checked if tokens are valid: true, expires at: 1777428484749
[debug] [2026-04-29T01:08:21.020Z] Checked if tokens are valid: true, expires at: 1777428484749
[debug] [2026-04-29T01:08:21.020Z] >>> [apiv2][query] GET https://cloudfunctions.googleapis.com/v1/projects/bam-financeiro/locations/-/functions [none]
[debug] [2026-04-29T01:08:22.061Z] <<< [apiv2][status] GET https://cloudfunctions.googleapis.com/v1/projects/bam-financeiro/locations/-/functions 200
[debug] [2026-04-29T01:08:22.061Z] <<< [apiv2][body] GET https://cloudfunctions.googleapis.com/v1/projects/bam-financeiro/locations/-/functions {}
[debug] [2026-04-29T01:08:22.062Z] Checked if tokens are valid: true, expires at: 1777428484749
[debug] [2026-04-29T01:08:22.062Z] Checked if tokens are valid: true, expires at: 1777428484749
[debug] [2026-04-29T01:08:22.062Z] >>> [apiv2][query] GET https://cloudfunctions.googleapis.com/v2/projects/bam-financeiro/locations/-/functions filter=environment%3D%22GEN_2%22
[debug] [2026-04-29T01:08:23.408Z] <<< [apiv2][status] GET https://cloudfunctions.googleapis.com/v2/projects/bam-financeiro/locations/-/functions 200
[debug] [2026-04-29T01:08:23.408Z] <<< [apiv2][body] GET https://cloudfunctions.googleapis.com/v2/projects/bam-financeiro/locations/-/functions {"functions":[{"name":"projects/bam-financeiro/locations/us-central1/functions/api","buildConfig":{"build":"projects/246326012786/locations/us-central1/builds/c3fa95f5-2191-4c81-840e-a76445b12041","runtime":"nodejs20","entryPoint":"api","source":{"storageSource":{"bucket":"gcf-v2-sources-246326012786-us-central1","object":"api/function-source.zip","generation":"1777423427655656"}},"environmentVariables":{"GOOGLE_NODE_RUN_SCRIPTS":""},"dockerRepository":"projects/bam-financeiro/locations/us-central1/repositories/gcf-artifacts","sourceProvenance":{"resolvedStorageSource":{"bucket":"gcf-v2-sources-246326012786-us-central1","object":"api/function-source.zip","generation":"1777423427655656"}},"dockerRegistry":"ARTIFACT_REGISTRY","serviceAccount":"projects/bam-financeiro/serviceAccounts/246326012786-compute@developer.gserviceaccount.com","automaticUpdatePolicy":{}},"serviceConfig":{"service":"projects/bam-financeiro/locations/us-central1/services/api","timeoutSeconds":60,"environmentVariables":{"FIREBASE_CONFIG":"{\"projectId\":\"bam-financeiro\",\"storageBucket\":\"bam-financeiro.firebasestorage.app\"}","GCLOUD_PROJECT":"bam-financeiro","EVENTARC_CLOUD_EVENT_SOURCE":"projects/bam-financeiro/locations/us-central1/services/api","FUNCTION_TARGET":"api","LOG_EXECUTION_ID":"true"},"maxInstanceCount":20,"ingressSettings":"ALLOW_ALL","uri":"https://api-tgz3qqu25q-uc.a.run.app","serviceAccountEmail":"246326012786-compute@developer.gserviceaccount.com","availableMemory":"256Mi","allTrafficOnLatestRevision":true,"revision":"api-00028-ceb","maxInstanceRequestConcurrency":80,"availableCpu":"1"},"state":"ACTIVE","updateTime":"2026-04-29T00:44:37.339497067Z","labels":{"deployment-tool":"cli-firebase","firebase-functions-hash":"d8b914175cc96b1bb2b48d7dde5fd55b5878bee4"},"environment":"GEN_2","url":"https://us-central1-bam-financeiro.cloudfunctions.net/api","createTime":"2026-04-13T17:49:18.686574639Z","satisfiesPzi":true}]}
[info] i  functions: ensuring required API run.googleapis.com is enabled... 
[info] i  functions: ensuring required API eventarc.googleapis.com is enabled... 
[info] i  functions: ensuring required API pubsub.googleapis.com is enabled... 
[info] i  functions: ensuring required API storage.googleapis.com is enabled... 
[info] i  functions: generating the service identity for pubsub.googleapis.com... 
[debug] [2026-04-29T01:08:23.423Z] Checked if tokens are valid: true, expires at: 1777428484749
[debug] [2026-04-29T01:08:23.423Z] Checked if tokens are valid: true, expires at: 1777428484749
[info] i  functions: generating the service identity for eventarc.googleapis.com... 
[debug] [2026-04-29T01:08:23.424Z] Checked if tokens are valid: true, expires at: 1777428484749
[debug] [2026-04-29T01:08:23.424Z] Checked if tokens are valid: true, expires at: 1777428484749
[debug] [2026-04-29T01:08:23.425Z] >>> [apiv2][query] POST https://serviceusage.googleapis.com/v1beta1/projects/246326012786/services/pubsub.googleapis.com:generateServiceIdentity [none]
[debug] [2026-04-29T01:08:23.425Z] >>> [apiv2][(partial)header] POST https://serviceusage.googleapis.com/v1beta1/projects/246326012786/services/pubsub.googleapis.com:generateServiceIdentity  x-goog-user-project=246326012786
[debug] [2026-04-29T01:08:23.425Z] >>> [apiv2][body] POST https://serviceusage.googleapis.com/v1beta1/projects/246326012786/services/pubsub.googleapis.com:generateServiceIdentity {}
[debug] [2026-04-29T01:08:23.428Z] >>> [apiv2][query] POST https://serviceusage.googleapis.com/v1beta1/projects/246326012786/services/eventarc.googleapis.com:generateServiceIdentity [none]
[debug] [2026-04-29T01:08:23.428Z] >>> [apiv2][(partial)header] POST https://serviceusage.googleapis.com/v1beta1/projects/246326012786/services/eventarc.googleapis.com:generateServiceIdentity  x-goog-user-project=246326012786
[debug] [2026-04-29T01:08:23.429Z] >>> [apiv2][body] POST https://serviceusage.googleapis.com/v1beta1/projects/246326012786/services/eventarc.googleapis.com:generateServiceIdentity {}
[debug] [2026-04-29T01:08:24.502Z] <<< [apiv2][status] POST https://serviceusage.googleapis.com/v1beta1/projects/246326012786/services/pubsub.googleapis.com:generateServiceIdentity 200
[debug] [2026-04-29T01:08:24.502Z] <<< [apiv2][body] POST https://serviceusage.googleapis.com/v1beta1/projects/246326012786/services/pubsub.googleapis.com:generateServiceIdentity {"name":"operations/finished.DONE_OPERATION","done":true,"response":{"@type":"type.googleapis.com/google.api.serviceusage.v1beta1.ServiceIdentity","email":"service-246326012786@gcp-sa-pubsub.iam.gserviceaccount.com","uniqueId":"113896110364189084630"}}
[debug] [2026-04-29T01:08:24.533Z] <<< [apiv2][status] POST https://serviceusage.googleapis.com/v1beta1/projects/246326012786/services/eventarc.googleapis.com:generateServiceIdentity 200
[debug] [2026-04-29T01:08:24.533Z] <<< [apiv2][body] POST https://serviceusage.googleapis.com/v1beta1/projects/246326012786/services/eventarc.googleapis.com:generateServiceIdentity {"name":"operations/finished.DONE_OPERATION","done":true,"response":{"@type":"type.googleapis.com/google.api.serviceusage.v1beta1.ServiceIdentity","email":"service-246326012786@gcp-sa-eventarc.iam.gserviceaccount.com","uniqueId":"111090285682916901733"}}
[debug] [2026-04-29T01:08:24.535Z] Checked if tokens are valid: true, expires at: 1777428484749
[debug] [2026-04-29T01:08:24.535Z] Checked if tokens are valid: true, expires at: 1777428484749
[debug] [2026-04-29T01:08:24.535Z] >>> [apiv2][query] GET https://cloudresourcemanager.googleapis.com/v1/projects/bam-financeiro [none]
[debug] [2026-04-29T01:08:24.720Z] <<< [apiv2][status] GET https://cloudresourcemanager.googleapis.com/v1/projects/bam-financeiro 200
[debug] [2026-04-29T01:08:24.721Z] <<< [apiv2][body] GET https://cloudresourcemanager.googleapis.com/v1/projects/bam-financeiro {"projectNumber":"246326012786","projectId":"bam-financeiro","lifecycleState":"ACTIVE","name":"BAM Financeiro","labels":{"firebase":"enabled","firebase-core":"disabled"},"createTime":"2026-04-08T20:40:55.016Z"}
[debug] [2026-04-29T01:08:24.721Z] Checked if tokens are valid: true, expires at: 1777428484749
[debug] [2026-04-29T01:08:24.721Z] Checked if tokens are valid: true, expires at: 1777428484749
[debug] [2026-04-29T01:08:24.721Z] >>> [apiv2][query] GET https://compute.googleapis.com/compute/v1/projects/246326012786 [none]
[debug] [2026-04-29T01:08:26.028Z] <<< [apiv2][status] GET https://compute.googleapis.com/compute/v1/projects/246326012786 403
[debug] [2026-04-29T01:08:26.028Z] <<< [apiv2][body] GET https://compute.googleapis.com/compute/v1/projects/246326012786 {"error":{"code":403,"message":"Compute Engine API has not been used in project 246326012786 before or it is disabled. Enable it by visiting https://console.developers.google.com/apis/api/compute.googleapis.com/overview?project=246326012786 then retry. If you enabled this API recently, wait a few minutes for the action to propagate to our systems and retry.","errors":[{"message":"Compute Engine API has not been used in project 246326012786 before or it is disabled. Enable it by visiting https://console.developers.google.com/apis/api/compute.googleapis.com/overview?project=246326012786 then retry. If you enabled this API recently, wait a few minutes for the action to propagate to our systems and retry.","domain":"usageLimits","reason":"accessNotConfigured","extendedHelp":"https://console.developers.google.com"}],"status":"PERMISSION_DENIED","details":[{"@type":"type.googleapis.com/google.rpc.ErrorInfo","reason":"SERVICE_DISABLED","domain":"googleapis.com","metadata":{"service":"compute.googleapis.com","consumer":"projects/246326012786","activationUrl":"https://console.developers.google.com/apis/api/compute.googleapis.com/overview?project=246326012786","serviceTitle":"Compute Engine API","containerInfo":"246326012786"}},{"@type":"type.googleapis.com/google.rpc.LocalizedMessage","locale":"en-US","message":"Compute Engine API has not been used in project 246326012786 before or it is disabled. Enable it by visiting https://console.developers.google.com/apis/api/compute.googleapis.com/overview?project=246326012786 then retry. If you enabled this API recently, wait a few minutes for the action to propagate to our systems and retry."},{"@type":"type.googleapis.com/google.rpc.Help","links":[{"description":"Google developers console API activation","url":"https://console.developers.google.com/apis/api/compute.googleapis.com/overview?project=246326012786"}]}]}}
[debug] [2026-04-29T01:08:26.028Z] unable to look up default compute service account. Falling back to 246326012786-compute@developer.gserviceaccount.com. Error: {"name":"FirebaseError","children":[],"context":{"body":{"error":{"code":403,"message":"Compute Engine API has not been used in project 246326012786 before or it is disabled. Enable it by visiting https://console.developers.google.com/apis/api/compute.googleapis.com/overview?project=246326012786 then retry. If you enabled this API recently, wait a few minutes for the action to propagate to our systems and retry.","errors":[{"message":"Compute Engine API has not been used in project 246326012786 before or it is disabled. Enable it by visiting https://console.developers.google.com/apis/api/compute.googleapis.com/overview?project=246326012786 then retry. If you enabled this API recently, wait a few minutes for the action to propagate to our systems and retry.","domain":"usageLimits","reason":"accessNotConfigured","extendedHelp":"https://console.developers.google.com"}],"status":"PERMISSION_DENIED","details":[{"@type":"type.googleapis.com/google.rpc.ErrorInfo","reason":"SERVICE_DISABLED","domain":"googleapis.com","metadata":{"service":"compute.googleapis.com","consumer":"projects/246326012786","activationUrl":"https://console.developers.google.com/apis/api/compute.googleapis.com/overview?project=246326012786","serviceTitle":"Compute Engine API","containerInfo":"246326012786"}},{"@type":"type.googleapis.com/google.rpc.LocalizedMessage","locale":"en-US","message":"Compute Engine API has not been used in project 246326012786 before or it is disabled. Enable it by visiting https://console.developers.google.com/apis/api/compute.googleapis.com/overview?project=246326012786 then retry. If you enabled this API recently, wait a few minutes for the action to propagate to our systems and retry."},{"@type":"type.googleapis.com/google.rpc.Help","links":[{"description":"Google developers console API activation","url":"https://console.developers.google.com/apis/api/compute.googleapis.com/overview?project=246326012786"}]}]}},"response":{"statusCode":403}},"exit":1,"message":"Request to https://compute.googleapis.com/compute/v1/projects/246326012786 had HTTP Error: 403, Compute Engine API has not been used in project 246326012786 before or it is disabled. Enable it by visiting https://console.developers.google.com/apis/api/compute.googleapis.com/overview?project=246326012786 then retry. If you enabled this API recently, wait a few minutes for the action to propagate to our systems and retry.","status":403}
[debug] [2026-04-29T01:08:26.030Z] Checked if tokens are valid: true, expires at: 1777428484749
[debug] [2026-04-29T01:08:26.030Z] Checked if tokens are valid: true, expires at: 1777428484749
[debug] [2026-04-29T01:08:26.030Z] >>> [apiv2][query] POST https://firebasehosting.googleapis.com/v1beta1/projects/-/sites/bam-financeiro/versions [none]
[debug] [2026-04-29T01:08:26.030Z] >>> [apiv2][body] POST https://firebasehosting.googleapis.com/v1beta1/projects/-/sites/bam-financeiro/versions {"status":"CREATED","labels":{"deployment-tool":"cli-firebase"}}
[debug] [2026-04-29T01:08:27.676Z] <<< [apiv2][status] POST https://firebasehosting.googleapis.com/v1beta1/projects/-/sites/bam-financeiro/versions 200
[debug] [2026-04-29T01:08:27.676Z] <<< [apiv2][body] POST https://firebasehosting.googleapis.com/v1beta1/projects/-/sites/bam-financeiro/versions {"name":"projects/246326012786/sites/bam-financeiro/versions/fc7975cd74574dda","status":"CREATED","config":{},"labels":{"deployment-tool":"cli-firebase"}}
[debug] [2026-04-29T01:08:27.676Z] Checked if tokens are valid: true, expires at: 1777428484749
[debug] [2026-04-29T01:08:27.676Z] Checked if tokens are valid: true, expires at: 1777428484749
[debug] [2026-04-29T01:08:27.676Z] >>> [apiv2][query] GET https://cloudbilling.googleapis.com/v1/projects/bam-financeiro/billingInfo [none]
[debug] [2026-04-29T01:08:29.002Z] <<< [apiv2][status] GET https://cloudbilling.googleapis.com/v1/projects/bam-financeiro/billingInfo 200
[debug] [2026-04-29T01:08:29.002Z] <<< [apiv2][body] GET https://cloudbilling.googleapis.com/v1/projects/bam-financeiro/billingInfo {"name":"projects/bam-financeiro/billingInfo","projectId":"bam-financeiro","billingAccountName":"billingAccounts/01261F-9D73D9-EA7DE0","billingEnabled":true}
[debug] [2026-04-29T01:08:29.005Z] Checked if tokens are valid: true, expires at: 1777428484749
[debug] [2026-04-29T01:08:29.005Z] Checked if tokens are valid: true, expires at: 1777428484749
[debug] [2026-04-29T01:08:29.005Z] >>> [apiv2][query] POST https://cloudfunctions.googleapis.com/v2/projects/bam-financeiro/locations/us-central1/functions:generateUploadUrl [none]
[debug] [2026-04-29T01:08:30.190Z] <<< [apiv2][status] POST https://cloudfunctions.googleapis.com/v2/projects/bam-financeiro/locations/us-central1/functions:generateUploadUrl 200
[debug] [2026-04-29T01:08:30.191Z] <<< [apiv2][body] POST https://cloudfunctions.googleapis.com/v2/projects/bam-financeiro/locations/us-central1/functions:generateUploadUrl {"uploadUrl":"https://storage.googleapis.com/gcf-v2-uploads-246326012786.us-central1.cloudfunctions.appspot.com/3cd30456-2be7-4659-9e85-259a3ec64f2c.zip?GoogleAccessId=service-246326012786@gcf-admin-robot.iam.gserviceaccount.com&Expires=1777426710&Signature=lVnY0nR7X9JhJjogDRL%2Bz3lEd82a1m%2FoQpGSaLSP%2F0jjLQtKESXmlkbfSndVP56QEHAFEdPxA3Lo%2BzHdf8NlV%2Be%2FlTk0MnPytGuukixgHbuCL0538oE%2Fzqi4%2BrX%2Fedkt5oReAnhDnQz4DM%2FCeqgoqJspEl0EbPOrigqkdAZKx4TZnDBkjyYLs6V%2F2ilnkC2ndljf85zDEhzbJl%2BTDyNghggRfrVZG%2B0%2FRy2bHqfSwVlA7MU9dqX7JwO5YVfxWf%2Fky4GmxZBo1Dcd2abmL9e8lq%2BezzewegDl%2B11%2B2cFqNSpIzXEwXwj83%2BEwyWNtTCOwiz2O2w5Peb%2FPtL2Ev4iiBw%3D%3D","storageSource":{"bucket":"gcf-v2-uploads-246326012786.us-central1.cloudfunctions.appspot.com","object":"3cd30456-2be7-4659-9e85-259a3ec64f2c.zip"}}
[debug] [2026-04-29T01:08:30.192Z] >>> [apiv2][query] PUT https://storage.googleapis.com/gcf-v2-uploads-246326012786.us-central1.cloudfunctions.appspot.com/3cd30456-2be7-4659-9e85-259a3ec64f2c.zip GoogleAccessId=service-246326012786%40gcf-admin-robot.iam.gserviceaccount.com&Expires=1777426710&Signature=lVnY0nR7X9JhJjogDRL%2Bz3lEd82a1m%2FoQpGSaLSP%2F0jjLQtKESXmlkbfSndVP56QEHAFEdPxA3Lo%2BzHdf8NlV%2Be%2FlTk0MnPytGuukixgHbuCL0538oE%2Fzqi4%2BrX%2Fedkt5oReAnhDnQz4DM%2FCeqgoqJspEl0EbPOrigqkdAZKx4TZnDBkjyYLs6V%2F2ilnkC2ndljf85zDEhzbJl%2BTDyNghggRfrVZG%2B0%2FRy2bHqfSwVlA7MU9dqX7JwO5YVfxWf%2Fky4GmxZBo1Dcd2abmL9e8lq%2BezzewegDl%2B11%2B2cFqNSpIzXEwXwj83%2BEwyWNtTCOwiz2O2w5Peb%2FPtL2Ev4iiBw%3D%3D
[debug] [2026-04-29T01:08:30.192Z] >>> [apiv2][body] PUT https://storage.googleapis.com/gcf-v2-uploads-246326012786.us-central1.cloudfunctions.appspot.com/3cd30456-2be7-4659-9e85-259a3ec64f2c.zip [stream]
[debug] [2026-04-29T01:08:30.990Z] <<< [apiv2][status] PUT https://storage.googleapis.com/gcf-v2-uploads-246326012786.us-central1.cloudfunctions.appspot.com/3cd30456-2be7-4659-9e85-259a3ec64f2c.zip 200
[debug] [2026-04-29T01:08:30.990Z] <<< [apiv2][body] PUT https://storage.googleapis.com/gcf-v2-uploads-246326012786.us-central1.cloudfunctions.appspot.com/3cd30456-2be7-4659-9e85-259a3ec64f2c.zip [omitted]
[info] +  functions: functions source uploaded successfully 
[info] i  hosting[bam-financeiro]: beginning deploy... 
[info] i  hosting[bam-financeiro]: found 5 files in docs 
[debug] [2026-04-29T01:08:31.012Z] [hosting] uploading with 200 concurrency
[debug] [2026-04-29T01:08:31.048Z] Checked if tokens are valid: true, expires at: 1777428484749
[debug] [2026-04-29T01:08:31.048Z] Checked if tokens are valid: true, expires at: 1777428484749
[debug] [2026-04-29T01:08:31.049Z] [hosting] hash cache [ZG9jcw] stored for 5 files
[debug] [2026-04-29T01:08:31.049Z] [hosting][hash queue][FINAL] {"max":33,"min":1,"avg":8.4,"active":0,"complete":5,"success":5,"errored":0,"retried":0,"total":5,"elapsed":35}
[debug] [2026-04-29T01:08:31.050Z] >>> [apiv2][query] POST https://firebasehosting.googleapis.com/v1beta1/projects/246326012786/sites/bam-financeiro/versions/fc7975cd74574dda:populateFiles [none]
[debug] [2026-04-29T01:08:31.050Z] >>> [apiv2][body] POST https://firebasehosting.googleapis.com/v1beta1/projects/246326012786/sites/bam-financeiro/versions/fc7975cd74574dda:populateFiles {"files":{"/LogoBam.png":"12a173169c168b5d2c2972b90ff6f0d281e75e737fab93b71ec7554ce9d89b1b","/404.html":"de69bf503a45a684aface1b7477d945f9cf3e4f69d07c9a9789f7670b9254dba","/index.html":"27f845ce9c75a2796b1f681aadad2383a6f972ea8236ca03b4ed99d2f6c2a4bd","/assets/index-DIqL9G9-.css":"e5558e52ddf1697a9cb6f42224015844fb9f98de443a80b8928e8997434872fd","/assets/index-B1yfT4EP.js":"af80b5e7db7cab56645b0eefe333d4add77e24c39be93cda007d74c25c74292a"}}
[debug] [2026-04-29T01:08:31.764Z] <<< [apiv2][status] POST https://firebasehosting.googleapis.com/v1beta1/projects/246326012786/sites/bam-financeiro/versions/fc7975cd74574dda:populateFiles 200
[debug] [2026-04-29T01:08:31.764Z] <<< [apiv2][body] POST https://firebasehosting.googleapis.com/v1beta1/projects/246326012786/sites/bam-financeiro/versions/fc7975cd74574dda:populateFiles {"uploadRequiredHashes":["af80b5e7db7cab56645b0eefe333d4add77e24c39be93cda007d74c25c74292a","27f845ce9c75a2796b1f681aadad2383a6f972ea8236ca03b4ed99d2f6c2a4bd","e5558e52ddf1697a9cb6f42224015844fb9f98de443a80b8928e8997434872fd"],"uploadUrl":"https://upload-firebasehosting.googleapis.com/upload/sites/bam-financeiro/versions/fc7975cd74574dda/files"}
[debug] [2026-04-29T01:08:31.765Z] Checked if tokens are valid: true, expires at: 1777428484749
[debug] [2026-04-29T01:08:31.765Z] Checked if tokens are valid: true, expires at: 1777428484749
[debug] [2026-04-29T01:08:31.765Z] Checked if tokens are valid: true, expires at: 1777428484749
[debug] [2026-04-29T01:08:31.765Z] Checked if tokens are valid: true, expires at: 1777428484749
[debug] [2026-04-29T01:08:31.765Z] Checked if tokens are valid: true, expires at: 1777428484749
[debug] [2026-04-29T01:08:31.765Z] Checked if tokens are valid: true, expires at: 1777428484749
[debug] [2026-04-29T01:08:31.765Z] >>> [apiv2][query] POST https://upload-firebasehosting.googleapis.com/upload/sites/bam-financeiro/versions/fc7975cd74574dda/files/af80b5e7db7cab56645b0eefe333d4add77e24c39be93cda007d74c25c74292a [none]
[debug] [2026-04-29T01:08:31.765Z] >>> [apiv2][body] POST https://upload-firebasehosting.googleapis.com/upload/sites/bam-financeiro/versions/fc7975cd74574dda/files/af80b5e7db7cab56645b0eefe333d4add77e24c39be93cda007d74c25c74292a [stream]
[debug] [2026-04-29T01:08:31.766Z] >>> [apiv2][query] POST https://upload-firebasehosting.googleapis.com/upload/sites/bam-financeiro/versions/fc7975cd74574dda/files/27f845ce9c75a2796b1f681aadad2383a6f972ea8236ca03b4ed99d2f6c2a4bd [none]
[debug] [2026-04-29T01:08:31.766Z] >>> [apiv2][body] POST https://upload-firebasehosting.googleapis.com/upload/sites/bam-financeiro/versions/fc7975cd74574dda/files/27f845ce9c75a2796b1f681aadad2383a6f972ea8236ca03b4ed99d2f6c2a4bd [stream]
[debug] [2026-04-29T01:08:31.767Z] >>> [apiv2][query] POST https://upload-firebasehosting.googleapis.com/upload/sites/bam-financeiro/versions/fc7975cd74574dda/files/e5558e52ddf1697a9cb6f42224015844fb9f98de443a80b8928e8997434872fd [none]
[debug] [2026-04-29T01:08:31.767Z] >>> [apiv2][body] POST https://upload-firebasehosting.googleapis.com/upload/sites/bam-financeiro/versions/fc7975cd74574dda/files/e5558e52ddf1697a9cb6f42224015844fb9f98de443a80b8928e8997434872fd [stream]
[debug] [2026-04-29T01:08:31.768Z] [hosting][populate queue][FINAL] {"max":717,"min":717,"avg":717,"active":0,"complete":1,"success":1,"errored":0,"retried":0,"total":1,"elapsed":720}
[debug] [2026-04-29T01:08:31.768Z] [hosting] uploads queued: 3
[debug] [2026-04-29T01:08:33.076Z] <<< [apiv2][status] POST https://upload-firebasehosting.googleapis.com/upload/sites/bam-financeiro/versions/fc7975cd74574dda/files/e5558e52ddf1697a9cb6f42224015844fb9f98de443a80b8928e8997434872fd 200
[debug] [2026-04-29T01:08:33.076Z] <<< [apiv2][body] POST https://upload-firebasehosting.googleapis.com/upload/sites/bam-financeiro/versions/fc7975cd74574dda/files/e5558e52ddf1697a9cb6f42224015844fb9f98de443a80b8928e8997434872fd [stream]
[debug] [2026-04-29T01:08:33.108Z] <<< [apiv2][status] POST https://upload-firebasehosting.googleapis.com/upload/sites/bam-financeiro/versions/fc7975cd74574dda/files/27f845ce9c75a2796b1f681aadad2383a6f972ea8236ca03b4ed99d2f6c2a4bd 200
[debug] [2026-04-29T01:08:33.108Z] <<< [apiv2][body] POST https://upload-firebasehosting.googleapis.com/upload/sites/bam-financeiro/versions/fc7975cd74574dda/files/27f845ce9c75a2796b1f681aadad2383a6f972ea8236ca03b4ed99d2f6c2a4bd [stream]
[debug] [2026-04-29T01:08:33.155Z] <<< [apiv2][status] POST https://upload-firebasehosting.googleapis.com/upload/sites/bam-financeiro/versions/fc7975cd74574dda/files/af80b5e7db7cab56645b0eefe333d4add77e24c39be93cda007d74c25c74292a 200
[debug] [2026-04-29T01:08:33.155Z] <<< [apiv2][body] POST https://upload-firebasehosting.googleapis.com/upload/sites/bam-financeiro/versions/fc7975cd74574dda/files/af80b5e7db7cab56645b0eefe333d4add77e24c39be93cda007d74c25c74292a [stream]
[debug] [2026-04-29T01:08:33.156Z] [hosting][upload queue][FINAL] {"max":1391,"min":1311,"avg":1348.3333333333333,"active":0,"complete":3,"success":3,"errored":0,"retried":0,"total":3,"elapsed":1392}
[info] +  hosting[bam-financeiro]: file upload complete 
[debug] [2026-04-29T01:08:33.158Z] [hosting] deploy completed after 2162ms
[info] i  functions: updating Node.js 20 (2nd Gen) function api(us-central1)... 
[debug] [2026-04-29T01:08:33.169Z] Checked if tokens are valid: true, expires at: 1777428484749
[debug] [2026-04-29T01:08:33.169Z] Checked if tokens are valid: true, expires at: 1777428484749
[debug] [2026-04-29T01:08:33.169Z] >>> [apiv2][query] PATCH https://cloudfunctions.googleapis.com/v2/projects/bam-financeiro/locations/us-central1/functions/api updateMask=name%2CbuildConfig.runtime%2CbuildConfig.entryPoint%2CbuildConfig.source.storageSource.bucket%2CbuildConfig.source.storageSource.object%2CbuildConfig.environmentVariables%2CbuildConfig.sourceToken%2CserviceConfig.environmentVariables%2CserviceConfig.ingressSettings%2CserviceConfig.timeoutSeconds%2CserviceConfig.serviceAccountEmail%2CserviceConfig.availableMemory%2CserviceConfig.minInstanceCount%2CserviceConfig.maxInstanceCount%2CserviceConfig.maxInstanceRequestConcurrency%2CserviceConfig.availableCpu%2CserviceConfig.vpcConnector%2CserviceConfig.vpcConnectorEgressSettings%2Clabels
[debug] [2026-04-29T01:08:33.169Z] >>> [apiv2][body] PATCH https://cloudfunctions.googleapis.com/v2/projects/bam-financeiro/locations/us-central1/functions/api {"name":"projects/bam-financeiro/locations/us-central1/functions/api","buildConfig":{"runtime":"nodejs20","entryPoint":"api","source":{"storageSource":{"bucket":"gcf-v2-uploads-246326012786.us-central1.cloudfunctions.appspot.com","object":"3cd30456-2be7-4659-9e85-259a3ec64f2c.zip"}},"environmentVariables":{"GOOGLE_NODE_RUN_SCRIPTS":""}},"serviceConfig":{"environmentVariables":{"FIREBASE_CONFIG":"{\"projectId\":\"bam-financeiro\",\"storageBucket\":\"bam-financeiro.firebasestorage.app\"}","GCLOUD_PROJECT":"bam-financeiro","EVENTARC_CLOUD_EVENT_SOURCE":"projects/bam-financeiro/locations/us-central1/services/api","FUNCTION_TARGET":"api","LOG_EXECUTION_ID":"true"},"ingressSettings":null,"timeoutSeconds":null,"serviceAccountEmail":null,"availableMemory":"256Mi","minInstanceCount":null,"maxInstanceCount":null,"maxInstanceRequestConcurrency":80,"availableCpu":"1","vpcConnector":null,"vpcConnectorEgressSettings":null},"labels":{"deployment-tool":"cli-firebase","firebase-functions-hash":"29ee29fa3791b2fc9710e71bfa62eca62e336419"}}
[debug] [2026-04-29T01:08:35.234Z] <<< [apiv2][status] PATCH https://cloudfunctions.googleapis.com/v2/projects/bam-financeiro/locations/us-central1/functions/api 200
[debug] [2026-04-29T01:08:35.234Z] <<< [apiv2][body] PATCH https://cloudfunctions.googleapis.com/v2/projects/bam-financeiro/locations/us-central1/functions/api {"name":"projects/bam-financeiro/locations/us-central1/operations/operation-1777424914178-6508efc9fe06b-e7afb4dc-1a65bbba","metadata":{"@type":"type.googleapis.com/google.cloud.functions.v2.OperationMetadata","createTime":"2026-04-29T01:08:35.253218510Z","target":"projects/bam-financeiro/locations/us-central1/functions/api","verb":"update","cancelRequested":false,"apiVersion":"v2"},"done":false}
[debug] [2026-04-29T01:08:35.236Z] Checked if tokens are valid: true, expires at: 1777428484749
[debug] [2026-04-29T01:08:35.236Z] Checked if tokens are valid: true, expires at: 1777428484749
[debug] [2026-04-29T01:08:35.236Z] >>> [apiv2][query] GET https://cloudfunctions.googleapis.com/v2/projects/bam-financeiro/locations/us-central1/operations/operation-1777424914178-6508efc9fe06b-e7afb4dc-1a65bbba [none]
[debug] [2026-04-29T01:08:36.189Z] <<< [apiv2][status] GET https://cloudfunctions.googleapis.com/v2/projects/bam-financeiro/locations/us-central1/operations/operation-1777424914178-6508efc9fe06b-e7afb4dc-1a65bbba 200
[debug] [2026-04-29T01:08:36.189Z] <<< [apiv2][body] GET https://cloudfunctions.googleapis.com/v2/projects/bam-financeiro/locations/us-central1/operations/operation-1777424914178-6508efc9fe06b-e7afb4dc-1a65bbba {"name":"projects/bam-financeiro/locations/us-central1/operations/operation-1777424914178-6508efc9fe06b-e7afb4dc-1a65bbba","metadata":{"@type":"type.googleapis.com/google.cloud.functions.v2.OperationMetadata","createTime":"2026-04-29T01:08:35.253218510Z","target":"projects/bam-financeiro/locations/us-central1/functions/api","verb":"update","cancelRequested":false,"apiVersion":"v2","requestResource":{"@type":"type.googleapis.com/google.cloud.functions.v2.Function","name":"projects/bam-financeiro/locations/us-central1/functions/api","buildConfig":{"runtime":"nodejs20","entryPoint":"api","source":{"storageSource":{"bucket":"gcf-v2-sources-246326012786-us-central1","object":"api/function-source.zip","generation":"1777424915197849"}},"environmentVariables":{"GOOGLE_NODE_RUN_SCRIPTS":""},"dockerRepository":"projects/bam-financeiro/locations/us-central1/repositories/gcf-artifacts","sourceProvenance":{"resolvedStorageSource":{"bucket":"gcf-v2-sources-246326012786-us-central1","object":"api/function-source.zip","generation":"1777423427655656"}},"dockerRegistry":"ARTIFACT_REGISTRY","serviceAccount":"projects/bam-financeiro/serviceAccounts/246326012786-compute@developer.gserviceaccount.com","automaticUpdatePolicy":{}},"serviceConfig":{"service":"projects/bam-financeiro/locations/us-central1/services/api","timeoutSeconds":60,"environmentVariables":{"FIREBASE_CONFIG":"{\"projectId\":\"bam-financeiro\",\"storageBucket\":\"bam-financeiro.firebasestorage.app\"}","GCLOUD_PROJECT":"bam-financeiro","EVENTARC_CLOUD_EVENT_SOURCE":"projects/bam-financeiro/locations/us-central1/services/api","FUNCTION_TARGET":"api","LOG_EXECUTION_ID":"true"},"ingressSettings":"ALLOW_ALL","uri":"https://api-tgz3qqu25q-uc.a.run.app","serviceAccountEmail":"246326012786-compute@developer.gserviceaccount.com","availableMemory":"256Mi","allTrafficOnLatestRevision":true,"revision":"api-00028-ceb","maxInstanceRequestConcurrency":80,"availableCpu":"1"},"state":"ACTIVE","labels":{"deployment-tool":"cloudfunctions","firebase-functions-hash":"29ee29fa3791b2fc9710e71bfa62eca62e336419"},"environment":"GEN_2","url":"https://us-central1-bam-financeiro.cloudfunctions.net/api","satisfiesPzi":true},"stages":[{"name":"BUILD","message":"Build in progress","state":"IN_PROGRESS","resource":"projects/246326012786/locations/us-central1/builds/9fcfbc55-381a-4202-8427-e5d850cc0841","resourceUri":"https://console.cloud.google.com/cloud-build/builds;region=us-central1/9fcfbc55-381a-4202-8427-e5d850cc0841?project=246326012786"},{"name":"SERVICE","state":"NOT_STARTED"}],"operationType":"UPDATE_FUNCTION","buildName":"projects/246326012786/locations/us-central1/builds/9fcfbc55-381a-4202-8427-e5d850cc0841"},"done":false}
[debug] [2026-04-29T01:08:36.694Z] [update-default-us-central1-api] Retrying task index 0
[debug] [2026-04-29T01:08:36.694Z] Checked if tokens are valid: true, expires at: 1777428484749
[debug] [2026-04-29T01:08:36.695Z] Checked if tokens are valid: true, expires at: 1777428484749
[debug] [2026-04-29T01:08:36.695Z] >>> [apiv2][query] GET https://cloudfunctions.googleapis.com/v2/projects/bam-financeiro/locations/us-central1/operations/operation-1777424914178-6508efc9fe06b-e7afb4dc-1a65bbba [none]
[debug] [2026-04-29T01:08:37.659Z] <<< [apiv2][status] GET https://cloudfunctions.googleapis.com/v2/projects/bam-financeiro/locations/us-central1/operations/operation-1777424914178-6508efc9fe06b-e7afb4dc-1a65bbba 200
[debug] [2026-04-29T01:08:37.659Z] <<< [apiv2][body] GET https://cloudfunctions.googleapis.com/v2/projects/bam-financeiro/locations/us-central1/operations/operation-1777424914178-6508efc9fe06b-e7afb4dc-1a65bbba {"name":"projects/bam-financeiro/locations/us-central1/operations/operation-1777424914178-6508efc9fe06b-e7afb4dc-1a65bbba","metadata":{"@type":"type.googleapis.com/google.cloud.functions.v2.OperationMetadata","createTime":"2026-04-29T01:08:35.253218510Z","target":"projects/bam-financeiro/locations/us-central1/functions/api","verb":"update","cancelRequested":false,"apiVersion":"v2","requestResource":{"@type":"type.googleapis.com/google.cloud.functions.v2.Function","name":"projects/bam-financeiro/locations/us-central1/functions/api","buildConfig":{"runtime":"nodejs20","entryPoint":"api","source":{"storageSource":{"bucket":"gcf-v2-sources-246326012786-us-central1","object":"api/function-source.zip","generation":"1777424915197849"}},"environmentVariables":{"GOOGLE_NODE_RUN_SCRIPTS":""},"dockerRepository":"projects/bam-financeiro/locations/us-central1/repositories/gcf-artifacts","sourceProvenance":{"resolvedStorageSource":{"bucket":"gcf-v2-sources-246326012786-us-central1","object":"api/function-source.zip","generation":"1777423427655656"}},"dockerRegistry":"ARTIFACT_REGISTRY","serviceAccount":"projects/bam-financeiro/serviceAccounts/246326012786-compute@developer.gserviceaccount.com","automaticUpdatePolicy":{}},"serviceConfig":{"service":"projects/bam-financeiro/locations/us-central1/services/api","timeoutSeconds":60,"environmentVariables":{"FIREBASE_CONFIG":"{\"projectId\":\"bam-financeiro\",\"storageBucket\":\"bam-financeiro.firebasestorage.app\"}","GCLOUD_PROJECT":"bam-financeiro","EVENTARC_CLOUD_EVENT_SOURCE":"projects/bam-financeiro/locations/us-central1/services/api","FUNCTION_TARGET":"api","LOG_EXECUTION_ID":"true"},"ingressSettings":"ALLOW_ALL","uri":"https://api-tgz3qqu25q-uc.a.run.app","serviceAccountEmail":"246326012786-compute@developer.gserviceaccount.com","availableMemory":"256Mi","allTrafficOnLatestRevision":true,"revision":"api-00028-ceb","maxInstanceRequestConcurrency":80,"availableCpu":"1"},"state":"ACTIVE","labels":{"deployment-tool":"cloudfunctions","firebase-functions-hash":"29ee29fa3791b2fc9710e71bfa62eca62e336419"},"environment":"GEN_2","url":"https://us-central1-bam-financeiro.cloudfunctions.net/api","satisfiesPzi":true},"stages":[{"name":"BUILD","message":"Build in progress","state":"IN_PROGRESS","resource":"projects/246326012786/locations/us-central1/builds/9fcfbc55-381a-4202-8427-e5d850cc0841","resourceUri":"https://console.cloud.google.com/cloud-build/builds;region=us-central1/9fcfbc55-381a-4202-8427-e5d850cc0841?project=246326012786"},{"name":"SERVICE","state":"NOT_STARTED"}],"operationType":"UPDATE_FUNCTION","buildName":"projects/246326012786/locations/us-central1/builds/9fcfbc55-381a-4202-8427-e5d850cc0841"},"done":false}
[debug] [2026-04-29T01:08:38.662Z] [update-default-us-central1-api] Retrying task index 0
[debug] [2026-04-29T01:08:38.664Z] Checked if tokens are valid: true, expires at: 1777428484749
[debug] [2026-04-29T01:08:38.664Z] Checked if tokens are valid: true, expires at: 1777428484749
[debug] [2026-04-29T01:08:38.665Z] >>> [apiv2][query] GET https://cloudfunctions.googleapis.com/v2/projects/bam-financeiro/locations/us-central1/operations/operation-1777424914178-6508efc9fe06b-e7afb4dc-1a65bbba [none]
[debug] [2026-04-29T01:08:39.617Z] <<< [apiv2][status] GET https://cloudfunctions.googleapis.com/v2/projects/bam-financeiro/locations/us-central1/operations/operation-1777424914178-6508efc9fe06b-e7afb4dc-1a65bbba 200
[debug] [2026-04-29T01:08:39.617Z] <<< [apiv2][body] GET https://cloudfunctions.googleapis.com/v2/projects/bam-financeiro/locations/us-central1/operations/operation-1777424914178-6508efc9fe06b-e7afb4dc-1a65bbba {"name":"projects/bam-financeiro/locations/us-central1/operations/operation-1777424914178-6508efc9fe06b-e7afb4dc-1a65bbba","metadata":{"@type":"type.googleapis.com/google.cloud.functions.v2.OperationMetadata","createTime":"2026-04-29T01:08:35.253218510Z","target":"projects/bam-financeiro/locations/us-central1/functions/api","verb":"update","cancelRequested":false,"apiVersion":"v2","requestResource":{"@type":"type.googleapis.com/google.cloud.functions.v2.Function","name":"projects/bam-financeiro/locations/us-central1/functions/api","buildConfig":{"runtime":"nodejs20","entryPoint":"api","source":{"storageSource":{"bucket":"gcf-v2-sources-246326012786-us-central1","object":"api/function-source.zip","generation":"1777424915197849"}},"environmentVariables":{"GOOGLE_NODE_RUN_SCRIPTS":""},"dockerRepository":"projects/bam-financeiro/locations/us-central1/repositories/gcf-artifacts","sourceProvenance":{"resolvedStorageSource":{"bucket":"gcf-v2-sources-246326012786-us-central1","object":"api/function-source.zip","generation":"1777423427655656"}},"dockerRegistry":"ARTIFACT_REGISTRY","serviceAccount":"projects/bam-financeiro/serviceAccounts/246326012786-compute@developer.gserviceaccount.com","automaticUpdatePolicy":{}},"serviceConfig":{"service":"projects/bam-financeiro/locations/us-central1/services/api","timeoutSeconds":60,"environmentVariables":{"FIREBASE_CONFIG":"{\"projectId\":\"bam-financeiro\",\"storageBucket\":\"bam-financeiro.firebasestorage.app\"}","GCLOUD_PROJECT":"bam-financeiro","EVENTARC_CLOUD_EVENT_SOURCE":"projects/bam-financeiro/locations/us-central1/services/api","FUNCTION_TARGET":"api","LOG_EXECUTION_ID":"true"},"ingressSettings":"ALLOW_ALL","uri":"https://api-tgz3qqu25q-uc.a.run.app","serviceAccountEmail":"246326012786-compute@developer.gserviceaccount.com","availableMemory":"256Mi","allTrafficOnLatestRevision":true,"revision":"api-00028-ceb","maxInstanceRequestConcurrency":80,"availableCpu":"1"},"state":"ACTIVE","labels":{"deployment-tool":"cloudfunctions","firebase-functions-hash":"29ee29fa3791b2fc9710e71bfa62eca62e336419"},"environment":"GEN_2","url":"https://us-central1-bam-financeiro.cloudfunctions.net/api","satisfiesPzi":true},"stages":[{"name":"BUILD","message":"Build in progress","state":"IN_PROGRESS","resource":"projects/246326012786/locations/us-central1/builds/9fcfbc55-381a-4202-8427-e5d850cc0841","resourceUri":"https://console.cloud.google.com/cloud-build/builds;region=us-central1/9fcfbc55-381a-4202-8427-e5d850cc0841?project=246326012786"},{"name":"SERVICE","state":"NOT_STARTED"}],"operationType":"UPDATE_FUNCTION","buildName":"projects/246326012786/locations/us-central1/builds/9fcfbc55-381a-4202-8427-e5d850cc0841"},"done":false}
[debug] [2026-04-29T01:08:41.625Z] [update-default-us-central1-api] Retrying task index 0
[debug] [2026-04-29T01:08:41.626Z] Checked if tokens are valid: true, expires at: 1777428484749
[debug] [2026-04-29T01:08:41.626Z] Checked if tokens are valid: true, expires at: 1777428484749
[debug] [2026-04-29T01:08:41.626Z] >>> [apiv2][query] GET https://cloudfunctions.googleapis.com/v2/projects/bam-financeiro/locations/us-central1/operations/operation-1777424914178-6508efc9fe06b-e7afb4dc-1a65bbba [none]
[debug] [2026-04-29T01:08:41.840Z] <<< [apiv2][status] GET https://cloudfunctions.googleapis.com/v2/projects/bam-financeiro/locations/us-central1/operations/operation-1777424914178-6508efc9fe06b-e7afb4dc-1a65bbba 200
[debug] [2026-04-29T01:08:41.840Z] <<< [apiv2][body] GET https://cloudfunctions.googleapis.com/v2/projects/bam-financeiro/locations/us-central1/operations/operation-1777424914178-6508efc9fe06b-e7afb4dc-1a65bbba {"name":"projects/bam-financeiro/locations/us-central1/operations/operation-1777424914178-6508efc9fe06b-e7afb4dc-1a65bbba","metadata":{"@type":"type.googleapis.com/google.cloud.functions.v2.OperationMetadata","createTime":"2026-04-29T01:08:35.253218510Z","target":"projects/bam-financeiro/locations/us-central1/functions/api","verb":"update","cancelRequested":false,"apiVersion":"v2","requestResource":{"@type":"type.googleapis.com/google.cloud.functions.v2.Function","name":"projects/bam-financeiro/locations/us-central1/functions/api","buildConfig":{"runtime":"nodejs20","entryPoint":"api","source":{"storageSource":{"bucket":"gcf-v2-sources-246326012786-us-central1","object":"api/function-source.zip","generation":"1777424915197849"}},"environmentVariables":{"GOOGLE_NODE_RUN_SCRIPTS":""},"dockerRepository":"projects/bam-financeiro/locations/us-central1/repositories/gcf-artifacts","sourceProvenance":{"resolvedStorageSource":{"bucket":"gcf-v2-sources-246326012786-us-central1","object":"api/function-source.zip","generation":"1777423427655656"}},"dockerRegistry":"ARTIFACT_REGISTRY","serviceAccount":"projects/bam-financeiro/serviceAccounts/246326012786-compute@developer.gserviceaccount.com","automaticUpdatePolicy":{}},"serviceConfig":{"service":"projects/bam-financeiro/locations/us-central1/services/api","timeoutSeconds":60,"environmentVariables":{"FIREBASE_CONFIG":"{\"projectId\":\"bam-financeiro\",\"storageBucket\":\"bam-financeiro.firebasestorage.app\"}","GCLOUD_PROJECT":"bam-financeiro","EVENTARC_CLOUD_EVENT_SOURCE":"projects/bam-financeiro/locations/us-central1/services/api","FUNCTION_TARGET":"api","LOG_EXECUTION_ID":"true"},"ingressSettings":"ALLOW_ALL","uri":"https://api-tgz3qqu25q-uc.a.run.app","serviceAccountEmail":"246326012786-compute@developer.gserviceaccount.com","availableMemory":"256Mi","allTrafficOnLatestRevision":true,"revision":"api-00028-ceb","maxInstanceRequestConcurrency":80,"availableCpu":"1"},"state":"ACTIVE","labels":{"deployment-tool":"cloudfunctions","firebase-functions-hash":"29ee29fa3791b2fc9710e71bfa62eca62e336419"},"environment":"GEN_2","url":"https://us-central1-bam-financeiro.cloudfunctions.net/api","satisfiesPzi":true},"stages":[{"name":"BUILD","message":"Build in progress","state":"IN_PROGRESS","resource":"projects/246326012786/locations/us-central1/builds/9fcfbc55-381a-4202-8427-e5d850cc0841","resourceUri":"https://console.cloud.google.com/cloud-build/builds;region=us-central1/9fcfbc55-381a-4202-8427-e5d850cc0841?project=246326012786"},{"name":"SERVICE","state":"NOT_STARTED"}],"operationType":"UPDATE_FUNCTION","buildName":"projects/246326012786/locations/us-central1/builds/9fcfbc55-381a-4202-8427-e5d850cc0841"},"done":false}
